Determining if the include file intrin.h exists failed with the following output:
Change Dir: /home/katsikas/Desktop/gnuradio/build/volk/CMakeFiles/CMakeTmp

Run Build Command:/usr/bin/gmake "cmTryCompileExec/fast"
/usr/bin/gmake -f CMakeFiles/cmTryCompileExec.dir/build.make CMakeFiles/cmTryCompileExec.dir/build
gmake[1]: Entering directory `/home/katsikas/Desktop/gnuradio/build/volk/CMakeFiles/CMakeTmp'
/usr/bin/cmake -E cmake_progress_report /home/katsikas/Desktop/gnuradio/build/volk/CMakeFiles/CMakeTmp/CMakeFiles 1
Building C object CMakeFiles/cmTryCompileExec.dir/CheckIncludeFile.c.o
/usr/bin/gcc    -o CMakeFiles/cmTryCompileExec.dir/CheckIncludeFile.c.o   -c /home/katsikas/Desktop/gnuradio/build/volk/CMakeFiles/CMakeTmp/CheckIncludeFile.c
/home/katsikas/Desktop/gnuradio/build/volk/CMakeFiles/CMakeTmp/CheckIncludeFile.c:1:20: fatal error: intrin.h: No such file or directory
compilation terminated.
gmake[1]: Leaving directory `/home/katsikas/Desktop/gnuradio/build/volk/CMakeFiles/CMakeTmp'
gmake[1]: *** [CMakeFiles/cmTryCompileExec.dir/CheckIncludeFile.c.o] Error 1
gmake: *** [cmTryCompileExec/fast] Error 2


Performing C++ SOURCE FILE Test have_maltivec failed with the following output:
Change Dir: /home/katsikas/Desktop/gnuradio/build/volk/CMakeFiles/CMakeTmp

Run Build Command:/usr/bin/gmake "cmTryCompileExec/fast"
/usr/bin/gmake -f CMakeFiles/cmTryCompileExec.dir/build.make CMakeFiles/cmTryCompileExec.dir/build
gmake[1]: Entering directory `/home/katsikas/Desktop/gnuradio/build/volk/CMakeFiles/CMakeTmp'
/usr/bin/cmake -E cmake_progress_report /home/katsikas/Desktop/gnuradio/build/volk/CMakeFiles/CMakeTmp/CMakeFiles 1
Building CXX object CMakeFiles/cmTryCompileExec.dir/src.cxx.o
/usr/bin/c++    -Dhave_maltivec   -maltivec -o CMakeFiles/cmTryCompileExec.dir/src.cxx.o -c /home/katsikas/Desktop/gnuradio/build/volk/CMakeFiles/CMakeTmp/src.cxx
cc1plus: error: unrecognized command line option ‘-maltivec’
gmake[1]: *** [CMakeFiles/cmTryCompileExec.dir/src.cxx.o] Error 1
gmake[1]: Leaving directory `/home/katsikas/Desktop/gnuradio/build/volk/CMakeFiles/CMakeTmp'
gmake: *** [cmTryCompileExec/fast] Error 2

Source file was:
int main() { return 0;}
Performing C++ SOURCE FILE Test have_mfpu_neon failed with the following output:
Change Dir: /home/katsikas/Desktop/gnuradio/build/volk/CMakeFiles/CMakeTmp

Run Build Command:/usr/bin/gmake "cmTryCompileExec/fast"
/usr/bin/gmake -f CMakeFiles/cmTryCompileExec.dir/build.make CMakeFiles/cmTryCompileExec.dir/build
gmake[1]: Entering directory `/home/katsikas/Desktop/gnuradio/build/volk/CMakeFiles/CMakeTmp'
/usr/bin/cmake -E cmake_progress_report /home/katsikas/Desktop/gnuradio/build/volk/CMakeFiles/CMakeTmp/CMakeFiles 1
Building CXX object CMakeFiles/cmTryCompileExec.dir/src.cxx.o
/usr/bin/c++    -Dhave_mfpu_neon   -mfpu=neon -o CMakeFiles/cmTryCompileExec.dir/src.cxx.o -c /home/katsikas/Desktop/gnuradio/build/volk/CMakeFiles/CMakeTmp/src.cxx
cc1plus: error: unrecognized command line option ‘-mfpu=neon’
gmake[1]: *** [CMakeFiles/cmTryCompileExec.dir/src.cxx.o] Error 1
gmake[1]: Leaving directory `/home/katsikas/Desktop/gnuradio/build/volk/CMakeFiles/CMakeTmp'
gmake: *** [cmTryCompileExec/fast] Error 2

Source file was:
int main() { return 0;}
Performing C++ SOURCE FILE Test have_mfloat_abi_softfp failed with the following output:
Change Dir: /home/katsikas/Desktop/gnuradio/build/volk/CMakeFiles/CMakeTmp

Run Build Command:/usr/bin/gmake "cmTryCompileExec/fast"
/usr/bin/gmake -f CMakeFiles/cmTryCompileExec.dir/build.make CMakeFiles/cmTryCompileExec.dir/build
gmake[1]: Entering directory `/home/katsikas/Desktop/gnuradio/build/volk/CMakeFiles/CMakeTmp'
/usr/bin/cmake -E cmake_progress_report /home/katsikas/Desktop/gnuradio/build/volk/CMakeFiles/CMakeTmp/CMakeFiles 1
Building CXX object CMakeFiles/cmTryCompileExec.dir/src.cxx.o
/usr/bin/c++    -Dhave_mfloat_abi_softfp   -mfloat-abi=softfp -o CMakeFiles/cmTryCompileExec.dir/src.cxx.o -c /home/katsikas/Desktop/gnuradio/build/volk/CMakeFiles/CMakeTmp/src.cxx
cc1plus: error: unrecognized command line option ‘-mfloat-abi=softfp’
gmake[1]: *** [CMakeFiles/cmTryCompileExec.dir/src.cxx.o] Error 1
gmake[1]: Leaving directory `/home/katsikas/Desktop/gnuradio/build/volk/CMakeFiles/CMakeTmp'
gmake: *** [cmTryCompileExec/fast] Error 2

Source file was:
int main() { return 0;}
Performing C++ SOURCE FILE Test have_m32 failed with the following output:
Change Dir: /home/katsikas/Desktop/gnuradio/build/volk/CMakeFiles/CMakeTmp

Run Build Command:/usr/bin/gmake "cmTryCompileExec/fast"
/usr/bin/gmake -f CMakeFiles/cmTryCompileExec.dir/build.make CMakeFiles/cmTryCompileExec.dir/build
gmake[1]: Entering directory `/home/katsikas/Desktop/gnuradio/build/volk/CMakeFiles/CMakeTmp'
/usr/bin/cmake -E cmake_progress_report /home/katsikas/Desktop/gnuradio/build/volk/CMakeFiles/CMakeTmp/CMakeFiles 1
Building CXX object CMakeFiles/cmTryCompileExec.dir/src.cxx.o
/usr/bin/c++    -Dhave_m32   -m32 -o CMakeFiles/cmTryCompileExec.dir/src.cxx.o -c /home/katsikas/Desktop/gnuradio/build/volk/CMakeFiles/CMakeTmp/src.cxx
Linking CXX executable cmTryCompileExec
/usr/bin/cmake -E cmake_link_script CMakeFiles/cmTryCompileExec.dir/link.txt --verbose=1
/usr/bin/c++      -Dhave_m32    CMakeFiles/cmTryCompileExec.dir/src.cxx.o  -o cmTryCompileExec -rdynamic 
/usr/lib64/gcc/x86_64-suse-linux/4.6/../../../../x86_64-suse-linux/bin/ld: i386 architecture of input file `CMakeFiles/cmTryCompileExec.dir/src.cxx.o' is incompatible with i386:x86-64 output
collect2: ld returned 1 exit status
gmake[1]: *** [cmTryCompileExec] Error 1
gmake[1]: Leaving directory `/home/katsikas/Desktop/gnuradio/build/volk/CMakeFiles/CMakeTmp'
gmake: *** [cmTryCompileExec/fast] Error 2

Source file was:
int main() { return 0;}
